cabal: Entering directory '/tmp/cabal-tmp-32076/base-compat-0.9.1'
Configuring base-compat-0.9.1...
Building base-compat-0.9.1...
Preprocessing library base-compat-0.9.1...
[ 1 of 37] Compiling Text.Read.Compat ( src/Text/Read/Compat.hs, dist/dist-sandbox-313a269c/build/Text/Read/Compat.o )
[ 2 of 37] Compiling System.IO.Unsafe.Compat ( src/System/IO/Unsafe/Compat.hs, dist/dist-sandbox-313a269c/build/System/IO/Unsafe/Compat.o )
[ 3 of 37] Compiling System.Exit.Compat ( src/System/Exit/Compat.hs, dist/dist-sandbox-313a269c/build/System/Exit/Compat.o )
[ 4 of 37] Compiling System.Environment.Compat ( src/System/Environment/Compat.hs, dist/dist-sandbox-313a269c/build/System/Environment/Compat.o )
[ 5 of 37] Compiling Prelude.Compat   ( src/Prelude/Compat.hs, dist/dist-sandbox-313a269c/build/Prelude/Compat.o )
[ 6 of 37] Compiling Numeric.Compat   ( src/Numeric/Compat.hs, dist/dist-sandbox-313a269c/build/Numeric/Compat.o )
[ 7 of 37] Compiling Foreign.Marshal.Utils.Compat ( src/Foreign/Marshal/Utils/Compat.hs, dist/dist-sandbox-313a269c/build/Foreign/Marshal/Utils/Compat.o )
[ 8 of 37] Compiling Foreign.Marshal.Unsafe.Compat ( src/Foreign/Marshal/Unsafe/Compat.hs, dist/dist-sandbox-313a269c/build/Foreign/Marshal/Unsafe/Compat.o )
[ 9 of 37] Compiling Foreign.Marshal.Safe.Compat ( src/Foreign/Marshal/Safe/Compat.hs, dist/dist-sandbox-313a269c/build/Foreign/Marshal/Safe/Compat.o )
[10 of 37] Compiling Foreign.Marshal.Array.Compat ( src/Foreign/Marshal/Array/Compat.hs, dist/dist-sandbox-313a269c/build/Foreign/Marshal/Array/Compat.o )
[11 of 37] Compiling Foreign.Marshal.Alloc.Compat ( src/Foreign/Marshal/Alloc/Compat.hs, dist/dist-sandbox-313a269c/build/Foreign/Marshal/Alloc/Compat.o )
[12 of 37] Compiling Foreign.Marshal.Compat ( src/Foreign/Marshal/Compat.hs, dist/dist-sandbox-313a269c/build/Foreign/Marshal/Compat.o )
[13 of 37] Compiling Foreign.ForeignPtr.Unsafe.Compat ( src/Foreign/ForeignPtr/Unsafe/Compat.hs, dist/dist-sandbox-313a269c/build/Foreign/ForeignPtr/Unsafe/Compat.o )
[14 of 37] Compiling Foreign.ForeignPtr.Safe.Compat ( src/Foreign/ForeignPtr/Safe/Compat.hs, dist/dist-sandbox-313a269c/build/Foreign/ForeignPtr/Safe/Compat.o )
[15 of 37] Compiling Foreign.Compat   ( src/Foreign/Compat.hs, dist/dist-sandbox-313a269c/build/Foreign/Compat.o )
[16 of 37] Compiling Debug.Trace.Compat ( src/Debug/Trace/Compat.hs, dist/dist-sandbox-313a269c/build/Debug/Trace/Compat.o )
[17 of 37] Compiling Data.Word.Compat ( src/Data/Word/Compat.hs, dist/dist-sandbox-313a269c/build/Data/Word/Compat.o )
[18 of 37] Compiling Data.Version.Compat ( src/Data/Version/Compat.hs, dist/dist-sandbox-313a269c/build/Data/Version/Compat.o )
[19 of 37] Compiling Data.String.Compat ( src/Data/String/Compat.hs, dist/dist-sandbox-313a269c/build/Data/String/Compat.o )
[20 of 37] Compiling Data.STRef.Compat ( src/Data/STRef/Compat.hs, dist/dist-sandbox-313a269c/build/Data/STRef/Compat.o )
[21 of 37] Compiling Data.Ratio.Compat ( src/Data/Ratio/Compat.hs, dist/dist-sandbox-313a269c/build/Data/Ratio/Compat.o )
[22 of 37] Compiling Data.Monoid.Compat ( src/Data/Monoid/Compat.hs, dist/dist-sandbox-313a269c/build/Data/Monoid/Compat.o )
[23 of 37] Compiling Data.List.Compat ( src/Data/List/Compat.hs, dist/dist-sandbox-313a269c/build/Data/List/Compat.o )
[24 of 37] Compiling Data.IORef.Compat ( src/Data/IORef/Compat.hs, dist/dist-sandbox-313a269c/build/Data/IORef/Compat.o )
[25 of 37] Compiling Data.Functor.Const.Compat ( src/Data/Functor/Const/Compat.hs, dist/dist-sandbox-313a269c/build/Data/Functor/Const/Compat.o )
[26 of 37] Compiling Data.Functor.Compat ( src/Data/Functor/Compat.hs, dist/dist-sandbox-313a269c/build/Data/Functor/Compat.o )
[27 of 37] Compiling Data.Function.Compat ( src/Data/Function/Compat.hs, dist/dist-sandbox-313a269c/build/Data/Function/Compat.o )
[28 of 37] Compiling Data.Foldable.Compat ( src/Data/Foldable/Compat.hs, dist/dist-sandbox-313a269c/build/Data/Foldable/Compat.o )
[29 of 37] Compiling Data.Either.Compat ( src/Data/Either/Compat.hs, dist/dist-sandbox-313a269c/build/Data/Either/Compat.o )
[30 of 37] Compiling Data.Complex.Compat ( src/Data/Complex/Compat.hs, dist/dist-sandbox-313a269c/build/Data/Complex/Compat.o )
[31 of 37] Compiling Data.Bool.Compat ( src/Data/Bool/Compat.hs, dist/dist-sandbox-313a269c/build/Data/Bool/Compat.o )
[32 of 37] Compiling Data.Bits.Compat ( src/Data/Bits/Compat.hs, dist/dist-sandbox-313a269c/build/Data/Bits/Compat.o )
[33 of 37] Compiling Control.Monad.ST.Unsafe.Compat ( src/Control/Monad/ST/Unsafe/Compat.hs, dist/dist-sandbox-313a269c/build/Control/Monad/ST/Unsafe/Compat.o )
[34 of 37] Compiling Control.Monad.ST.Lazy.Unsafe.Compat ( src/Control/Monad/ST/Lazy/Unsafe/Compat.hs, dist/dist-sandbox-313a269c/build/Control/Monad/ST/Lazy/Unsafe/Compat.o )
[35 of 37] Compiling Control.Monad.Compat ( src/Control/Monad/Compat.hs, dist/dist-sandbox-313a269c/build/Control/Monad/Compat.o )
[36 of 37] Compiling Control.Concurrent.MVar.Compat ( src/Control/Concurrent/MVar/Compat.hs, dist/dist-sandbox-313a269c/build/Control/Concurrent/MVar/Compat.o )
[37 of 37] Compiling Control.Concurrent.Compat ( src/Control/Concurrent/Compat.hs, dist/dist-sandbox-313a269c/build/Control/Concurrent/Compat.o )
Creating package registration file:
/tmp/pkgConf-base-compat-0.91374344043760313750.1
Installing library in
/home/neuromancer/Projects/Sokoban/.cabal-sandbox/lib/x86_64-linux-ghc-8.0.2/base-compat-0.9.1-B9geVZFtCvE8ERS7UcvkRz
Registering base-compat-0.9.1...
cabal: Leaving directory '/tmp/cabal-tmp-32076/base-compat-0.9.1'
