cabal: Entering directory '/tmp/cabal-tmp-32075/http-types-0.9.1'
Configuring http-types-0.9.1...
Building http-types-0.9.1...
Preprocessing library http-types-0.9.1...
[1 of 7] Compiling Network.HTTP.Types.Version ( Network/HTTP/Types/Version.hs, dist/dist-sandbox-313a269c/build/Network/HTTP/Types/Version.o )
[2 of 7] Compiling Network.HTTP.Types.URI ( Network/HTTP/Types/URI.hs, dist/dist-sandbox-313a269c/build/Network/HTTP/Types/URI.o )

Network/HTTP/Types/URI.hs:148:26: warning: [-Wdeprecations]
    In the use of ‘breakByte’ (imported from Data.ByteString):
    Deprecated: "It is an internal function and should never have been exported. Use 'break (== x)' instead. (There are rewrite rules that handle this special case of 'break'.)"

Network/HTTP/Types/URI.hs:283:22: warning: [-Wdeprecations]
    In the use of ‘breakByte’ (imported from Data.ByteString):
    Deprecated: "It is an internal function and should never have been exported. Use 'break (== x)' instead. (There are rewrite rules that handle this special case of 'break'.)"

Network/HTTP/Types/URI.hs:313:20: warning: [-Wdeprecations]
    In the use of ‘breakByte’ (imported from Data.ByteString):
    Deprecated: "It is an internal function and should never have been exported. Use 'break (== x)' instead. (There are rewrite rules that handle this special case of 'break'.)"

Network/HTTP/Types/URI.hs:325:18: warning: [-Wdeprecations]
    In the use of ‘breakByte’ (imported from Data.ByteString):
    Deprecated: "It is an internal function and should never have been exported. Use 'break (== x)' instead. (There are rewrite rules that handle this special case of 'break'.)"
[3 of 7] Compiling Network.HTTP.Types.Status ( Network/HTTP/Types/Status.hs, dist/dist-sandbox-313a269c/build/Network/HTTP/Types/Status.o )
[4 of 7] Compiling Network.HTTP.Types.QueryLike ( Network/HTTP/Types/QueryLike.hs, dist/dist-sandbox-313a269c/build/Network/HTTP/Types/QueryLike.o )
[5 of 7] Compiling Network.HTTP.Types.Method ( Network/HTTP/Types/Method.hs, dist/dist-sandbox-313a269c/build/Network/HTTP/Types/Method.o )
[6 of 7] Compiling Network.HTTP.Types.Header ( Network/HTTP/Types/Header.hs, dist/dist-sandbox-313a269c/build/Network/HTTP/Types/Header.o )
[7 of 7] Compiling Network.HTTP.Types ( Network/HTTP/Types.hs, dist/dist-sandbox-313a269c/build/Network/HTTP/Types.o )
Creating package registration file:
/tmp/pkgConf-http-types-0.913732263401631518149.1
Installing library in
/home/neuromancer/Projects/Sokoban/.cabal-sandbox/lib/x86_64-linux-ghc-8.0.2/http-types-0.9.1-JKOY2gV9v78Xf1a6uuvm5
Registering http-types-0.9.1...
cabal: Leaving directory '/tmp/cabal-tmp-32075/http-types-0.9.1'
