cabal: Entering directory '/tmp/cabal-tmp-32092/psqueues-0.2.2.3'
Configuring psqueues-0.2.2.3...
Building psqueues-0.2.2.3...
Preprocessing library psqueues-0.2.2.3...
[1 of 7] Compiling Data.OrdPSQ.Internal ( src/Data/OrdPSQ/Internal.hs, dist/dist-sandbox-313a269c/build/Data/OrdPSQ/Internal.o )

src/Data/OrdPSQ/Internal.hs:6:14: warning: [-Wtrustworthy-safe]
    ‘Data.OrdPSQ.Internal’ is marked as Trustworthy but has been inferred as safe!

src/Data/OrdPSQ/Internal.hs:75:1: warning: [-Wunused-imports]
    The import of ‘Data.Traversable’ is redundant
      except perhaps to import instances from ‘Data.Traversable’
    To import instances alone, use: import Data.Traversable()
[2 of 7] Compiling Data.OrdPSQ      ( src/Data/OrdPSQ.hs, dist/dist-sandbox-313a269c/build/Data/OrdPSQ.o )

src/Data/OrdPSQ.hs:15:14: warning: [-Wtrustworthy-safe]
    ‘Data.OrdPSQ’ is marked as Trustworthy but has been inferred as safe!
[3 of 7] Compiling Data.BitUtil     ( src/Data/BitUtil.hs, dist/dist-sandbox-313a269c/build/Data/BitUtil.o )
[4 of 7] Compiling Data.IntPSQ.Internal ( src/Data/IntPSQ/Internal.hs, dist/dist-sandbox-313a269c/build/Data/IntPSQ/Internal.o )

src/Data/IntPSQ/Internal.hs:69:1: warning: [-Wunused-imports]
    The import of ‘foldr’ from module ‘Data.Foldable’ is redundant

src/Data/IntPSQ/Internal.hs:79:1: warning: [-Wunused-imports]
    The import of ‘Data.Traversable’ is redundant
      except perhaps to import instances from ‘Data.Traversable’
    To import instances alone, use: import Data.Traversable()
[5 of 7] Compiling Data.HashPSQ.Internal ( src/Data/HashPSQ/Internal.hs, dist/dist-sandbox-313a269c/build/Data/HashPSQ/Internal.o )

src/Data/HashPSQ/Internal.hs:57:1: warning: [-Wunused-imports]
    The import of ‘foldr’ from module ‘Data.Foldable’ is redundant

src/Data/HashPSQ/Internal.hs:62:1: warning: [-Wunused-imports]
    The import of ‘Data.Traversable’ is redundant
      except perhaps to import instances from ‘Data.Traversable’
    To import instances alone, use: import Data.Traversable()
[6 of 7] Compiling Data.HashPSQ     ( src/Data/HashPSQ.hs, dist/dist-sandbox-313a269c/build/Data/HashPSQ.o )
[7 of 7] Compiling Data.IntPSQ      ( src/Data/IntPSQ.hs, dist/dist-sandbox-313a269c/build/Data/IntPSQ.o )
Creating package registration file:
/tmp/pkgConf-psqueues-0.2.21687926652660260756.3
Installing library in
/home/neuromancer/Projects/Sokoban/.cabal-sandbox/lib/x86_64-linux-ghc-8.0.2/psqueues-0.2.2.3-84dGADtRmjs7AkbTpdHC4K
Registering psqueues-0.2.2.3...
cabal: Leaving directory '/tmp/cabal-tmp-32092/psqueues-0.2.2.3'
